  
  C:\Users\liran\Documents\Exam3_Parallel_CUDA_MPI_OPENMP\Exam3_Parallel_CUDA_MPI_OPENMP>"C:\Program Files\NVIDIA GPU Computing Toolkit\CUDA\v9.2\bin\nvcc.exe" -ccbin "C:\Program Files (x86)\Microsoft Visual Studio 14.0\VC\bin\x86_amd64" -x cu  -I"C:\Program Files\MPICH2\include" -I"C:\Program Files\NVIDIA GPU Computing Toolkit\CUDA\v9.2\include" -I"C:\Program Files\NVIDIA GPU Computing Toolkit\CUDA\v9.2\include"  -G   --keep-dir x64\Debug -maxrregcount=0  --machine 64 --compile   -g   -DWIN32 -DWIN64 -D_DEBUG -D_CONSOLE -D_MBCS -Xcompiler "/EHsc /W3 /nologo /Od  /FS /Zi /RTC1 /MDd " -o x64\Debug\kernel.cu.obj "C:\Users\liran\Documents\Exam3_Parallel_CUDA_MPI_OPENMP\Exam3_Parallel_CUDA_MPI_OPENMP\kernel.cu" -clean 
  kernel.cu
  Compiling CUDA source file kernel.cu...
  
  C:\Users\liran\Documents\Exam3_Parallel_CUDA_MPI_OPENMP\Exam3_Parallel_CUDA_MPI_OPENMP>"C:\Program Files\NVIDIA GPU Computing Toolkit\CUDA\v9.2\bin\nvcc.exe" -gencode=arch=compute_30,code=\"sm_30,compute_30\" --use-local-env -ccbin "C:\Program Files (x86)\Microsoft Visual Studio 14.0\VC\bin\x86_amd64" -x cu  -I"C:\Program Files\MPICH2\include" -I"C:\Program Files\NVIDIA GPU Computing Toolkit\CUDA\v9.2\include" -I"C:\Program Files\NVIDIA GPU Computing Toolkit\CUDA\v9.2\include"  -G   --keep-dir x64\Debug -maxrregcount=0  --machine 64 --compile -cudart static  -g   -DWIN32 -DWIN64 -D_DEBUG -D_CONSOLE -D_MBCS -Xcompiler "/EHsc /W3 /nologo /Od /Fdx64\Debug\vc140.pdb /FS /Zi /RTC1 /MDd " -o x64\Debug\kernel.cu.obj "C:\Users\liran\Documents\Exam3_Parallel_CUDA_MPI_OPENMP\Exam3_Parallel_CUDA_MPI_OPENMP\kernel.cu" 
c:\program files\mpich2\include\mpicxx.h(409): warning : expression has no effect
c:\program files\mpich2\include\mpicxx.h(409): warning : expression has no effect
c:\program files\mpich2\include\mpicxx.h(409): warning : expression has no effect
c:\program files\mpich2\include\mpicxx.h(409): warning : expression has no effect
c:\program files\mpich2\include\mpicxx.h(409): warning : expression has no effect
c:\program files\mpich2\include\mpicxx.h(410): warning : expression has no effect
c:\program files\mpich2\include\mpicxx.h(410): warning : expression has no effect
c:\program files\mpich2\include\mpicxx.h(410): warning : expression has no effect
c:\program files\mpich2\include\mpicxx.h(410): warning : expression has no effect
c:\program files\mpich2\include\mpicxx.h(411): warning : expression has no effect
c:\program files\mpich2\include\mpicxx.h(411): warning : expression has no effect
c:\program files\mpich2\include\mpicxx.h(411): warning : expression has no effect
c:\program files\mpich2\include\mpicxx.h(1471): warning : expression has no effect
c:\program files\mpich2\include\mpicxx.h(1471): warning : expression has no effect
c:\program files\mpich2\include\mpicxx.h(1471): warning : expression has no effect
c:\program files\mpich2\include\mpicxx.h(1471): warning : expression has no effect
c:\program files\mpich2\include\mpicxx.h(1471): warning : expression has no effect
c:\program files\mpich2\include\mpicxx.h(1472): warning : expression has no effect
c:\program files\mpich2\include\mpicxx.h(1472): warning : expression has no effect
c:\program files\mpich2\include\mpicxx.h(1472): warning : expression has no effect
c:\program files\mpich2\include\mpicxx.h(1472): warning : expression has no effect
c:\program files\mpich2\include\mpicxx.h(1473): warning : expression has no effect
c:\program files\mpich2\include\mpicxx.h(1473): warning : expression has no effect
c:\program files\mpich2\include\mpicxx.h(1473): warning : expression has no effect
c:\program files\mpich2\include\mpicxx.h(1904): warning : expression has no effect
c:\program files\mpich2\include\mpicxx.h(1904): warning : expression has no effect
c:\program files\mpich2\include\mpicxx.h(1904): warning : expression has no effect
c:\program files\mpich2\include\mpicxx.h(1904): warning : expression has no effect
c:\program files\mpich2\include\mpicxx.h(1904): warning : expression has no effect
c:\program files\mpich2\include\mpicxx.h(1905): warning : expression has no effect
c:\program files\mpich2\include\mpicxx.h(1905): warning : expression has no effect
c:\program files\mpich2\include\mpicxx.h(1905): warning : expression has no effect
c:\program files\mpich2\include\mpicxx.h(1905): warning : expression has no effect
c:\program files\mpich2\include\mpicxx.h(1906): warning : expression has no effect
c:\program files\mpich2\include\mpicxx.h(1906): warning : expression has no effect
c:\program files\mpich2\include\mpicxx.h(1906): warning : expression has no effect
c:\program files\mpich2\include\mpicxx.h(409): warning : expression has no effect
c:\program files\mpich2\include\mpicxx.h(409): warning : expression has no effect
c:\program files\mpich2\include\mpicxx.h(409): warning : expression has no effect
c:\program files\mpich2\include\mpicxx.h(409): warning : expression has no effect
c:\program files\mpich2\include\mpicxx.h(409): warning : expression has no effect
c:\program files\mpich2\include\mpicxx.h(410): warning : expression has no effect
c:\program files\mpich2\include\mpicxx.h(410): warning : expression has no effect
c:\program files\mpich2\include\mpicxx.h(410): warning : expression has no effect
c:\program files\mpich2\include\mpicxx.h(410): warning : expression has no effect
c:\program files\mpich2\include\mpicxx.h(411): warning : expression has no effect
c:\program files\mpich2\include\mpicxx.h(411): warning : expression has no effect
c:\program files\mpich2\include\mpicxx.h(411): warning : expression has no effect
c:\program files\mpich2\include\mpicxx.h(1471): warning : expression has no effect
c:\program files\mpich2\include\mpicxx.h(1471): warning : expression has no effect
c:\program files\mpich2\include\mpicxx.h(1471): warning : expression has no effect
c:\program files\mpich2\include\mpicxx.h(1471): warning : expression has no effect
c:\program files\mpich2\include\mpicxx.h(1471): warning : expression has no effect
c:\program files\mpich2\include\mpicxx.h(1472): warning : expression has no effect
c:\program files\mpich2\include\mpicxx.h(1472): warning : expression has no effect
c:\program files\mpich2\include\mpicxx.h(1472): warning : expression has no effect
c:\program files\mpich2\include\mpicxx.h(1472): warning : expression has no effect
c:\program files\mpich2\include\mpicxx.h(1473): warning : expression has no effect
c:\program files\mpich2\include\mpicxx.h(1473): warning : expression has no effect
c:\program files\mpich2\include\mpicxx.h(1473): warning : expression has no effect
c:\program files\mpich2\include\mpicxx.h(1904): warning : expression has no effect
c:\program files\mpich2\include\mpicxx.h(1904): warning : expression has no effect
c:\program files\mpich2\include\mpicxx.h(1904): warning : expression has no effect
c:\program files\mpich2\include\mpicxx.h(1904): warning : expression has no effect
c:\program files\mpich2\include\mpicxx.h(1904): warning : expression has no effect
c:\program files\mpich2\include\mpicxx.h(1905): warning : expression has no effect
c:\program files\mpich2\include\mpicxx.h(1905): warning : expression has no effect
c:\program files\mpich2\include\mpicxx.h(1905): warning : expression has no effect
c:\program files\mpich2\include\mpicxx.h(1905): warning : expression has no effect
c:\program files\mpich2\include\mpicxx.h(1906): warning : expression has no effect
c:\program files\mpich2\include\mpicxx.h(1906): warning : expression has no effect
c:\program files\mpich2\include\mpicxx.h(1906): warning : expression has no effect
  kernel.cu
  MainProgram.cpp
c:\users\liran\documents\exam3_parallel_cuda_mpi_openmp\exam3_parallel_cuda_mpi_openmp\mainprogram.cpp(212): warning C4996: 'fopen': This function or variable may be unsafe. Consider using fopen_s instead. To disable deprecation, use _CRT_SECURE_NO_WARNINGS. See online help for details.
  c:\program files (x86)\windows kits\10\include\10.0.10240.0\ucrt\stdio.h(205): note: see declaration of 'fopen'
c:\users\liran\documents\exam3_parallel_cuda_mpi_openmp\exam3_parallel_cuda_mpi_openmp\mainprogram.cpp(215): warning C4996: 'fscanf': This function or variable may be unsafe. Consider using fscanf_s instead. To disable deprecation, use _CRT_SECURE_NO_WARNINGS. See online help for details.
  c:\program files (x86)\windows kits\10\include\10.0.10240.0\ucrt\stdio.h(1193): note: see declaration of 'fscanf'
c:\users\liran\documents\exam3_parallel_cuda_mpi_openmp\exam3_parallel_cuda_mpi_openmp\mainprogram.cpp(229): warning C4996: 'fscanf': This function or variable may be unsafe. Consider using fscanf_s instead. To disable deprecation, use _CRT_SECURE_NO_WARNINGS. See online help for details.
  c:\program files (x86)\windows kits\10\include\10.0.10240.0\ucrt\stdio.h(1193): note: see declaration of 'fscanf'
     Creating library C:\Users\liran\Documents\Exam3_Parallel_CUDA_MPI_OPENMP\x64\Debug\Exam3_Parallel_CUDA_MPI_OPENMP.lib and object C:\Users\liran\Documents\Exam3_Parallel_CUDA_MPI_OPENMP\x64\Debug\Exam3_Parallel_CUDA_MPI_OPENMP.exp
  Exam3_Parallel_CUDA_MPI_OPENMP.vcxproj -> C:\Users\liran\Documents\Exam3_Parallel_CUDA_MPI_OPENMP\x64\Debug\Exam3_Parallel_CUDA_MPI_OPENMP.exe
  Exam3_Parallel_CUDA_MPI_OPENMP.vcxproj -> C:\Users\liran\Documents\Exam3_Parallel_CUDA_MPI_OPENMP\x64\Debug\Exam3_Parallel_CUDA_MPI_OPENMP.pdb (Full PDB)
