c:\users\liran\documents\exam3_parallel_cuda_mpi_openmp\exam3_parallel_cuda_mpi_openmp\x64\debug\vc140.pdb
c:\users\liran\documents\exam3_parallel_cuda_mpi_openmp\exam3_parallel_cuda_mpi_openmp\x64\debug\vc140.idb
c:\users\liran\documents\exam3_parallel_cuda_mpi_openmp\exam3_parallel_cuda_mpi_openmp\x64\debug\mainprogram.obj
c:\users\liran\documents\exam3_parallel_cuda_mpi_openmp\x64\debug\exam3_parallel_cuda_mpi_openmp.lib
c:\users\liran\documents\exam3_parallel_cuda_mpi_openmp\x64\debug\exam3_parallel_cuda_mpi_openmp.exp
c:\users\liran\documents\exam3_parallel_cuda_mpi_openmp\x64\debug\exam3_parallel_cuda_mpi_openmp.ilk
c:\users\liran\documents\exam3_parallel_cuda_mpi_openmp\x64\debug\exam3_parallel_cuda_mpi_openmp.exe
c:\users\liran\documents\exam3_parallel_cuda_mpi_openmp\x64\debug\exam3_parallel_cuda_mpi_openmp.pdb
c:\users\liran\documents\exam3_parallel_cuda_mpi_openmp\exam3_parallel_cuda_mpi_openmp\x64\debug\exam3_parallel_cuda_mpi_openmp.res
c:\users\liran\documents\exam3_parallel_cuda_mpi_openmp\exam3_parallel_cuda_mpi_openmp\x64\debug\kernel.cu.cache
c:\users\liran\documents\exam3_parallel_cuda_mpi_openmp\exam3_parallel_cuda_mpi_openmp\x64\debug\kernel.cu.obj
c:\users\liran\documents\exam3_parallel_cuda_mpi_openmp\exam3_parallel_cuda_mpi_openmp\x64\debug\exam3_pa.68130311.tlog\cl.command.1.tlog
c:\users\liran\documents\exam3_parallel_cuda_mpi_openmp\exam3_parallel_cuda_mpi_openmp\x64\debug\exam3_pa.68130311.tlog\cl.read.1.tlog
c:\users\liran\documents\exam3_parallel_cuda_mpi_openmp\exam3_parallel_cuda_mpi_openmp\x64\debug\exam3_pa.68130311.tlog\cl.write.1.tlog
c:\users\liran\documents\exam3_parallel_cuda_mpi_openmp\exam3_parallel_cuda_mpi_openmp\x64\debug\exam3_pa.68130311.tlog\exam3_parallel_cuda_mpi_openmp.write.1u.tlog
c:\users\liran\documents\exam3_parallel_cuda_mpi_openmp\exam3_parallel_cuda_mpi_openmp\x64\debug\exam3_pa.68130311.tlog\link.command.1.tlog
c:\users\liran\documents\exam3_parallel_cuda_mpi_openmp\exam3_parallel_cuda_mpi_openmp\x64\debug\exam3_pa.68130311.tlog\link.read.1.tlog
c:\users\liran\documents\exam3_parallel_cuda_mpi_openmp\exam3_parallel_cuda_mpi_openmp\x64\debug\exam3_pa.68130311.tlog\link.write.1.tlog
c:\users\liran\documents\exam3_parallel_cuda_mpi_openmp\exam3_parallel_cuda_mpi_openmp\x64\debug\exam3_pa.68130311.tlog\rc.command.1.tlog
c:\users\liran\documents\exam3_parallel_cuda_mpi_openmp\exam3_parallel_cuda_mpi_openmp\x64\debug\exam3_pa.68130311.tlog\rc.read.1.tlog
c:\users\liran\documents\exam3_parallel_cuda_mpi_openmp\exam3_parallel_cuda_mpi_openmp\x64\debug\exam3_pa.68130311.tlog\rc.write.1.tlog
